0 info it worked if it ends with ok
1 verbose cli [ '/usr/local/bin/node',
1 verbose cli   '/usr/local/bin/npm',
1 verbose cli   'install',
1 verbose cli   'through2-map' ]
2 info using npm@1.1.62
3 info using node@v0.9.3-pre
4 verbose read json /Users/delphine/Development/node/learnyounode/package.json
5 verbose read json /Users/delphine/Development/node/learnyounode/package.json
6 verbose cache add [ 'through2-map', null ]
7 silly cache add name=undefined spec="through2-map" args=["through2-map",null]
8 verbose parsed url { protocol: null,
8 verbose parsed url   slashes: null,
8 verbose parsed url   auth: null,
8 verbose parsed url   host: null,
8 verbose parsed url   port: null,
8 verbose parsed url   hostname: null,
8 verbose parsed url   hash: null,
8 verbose parsed url   search: null,
8 verbose parsed url   query: null,
8 verbose parsed url   pathname: 'through2-map',
8 verbose parsed url   path: 'through2-map',
8 verbose parsed url   href: 'through2-map' }
9 silly lockFile c7179708-through2-map through2-map
10 verbose lock through2-map /Users/delphine/.npm/c7179708-through2-map.lock
11 silly lockFile c7179708-through2-map through2-map
12 verbose addNamed [ 'through2-map', '' ]
13 verbose addNamed [ null, '' ]
14 silly lockFile 13533bc5-through2-map through2-map@
15 verbose lock through2-map@ /Users/delphine/.npm/13533bc5-through2-map.lock
16 silly lockFile 13533bc5-through2-map through2-map@
17 error Error: EACCES, open '/Users/delphine/.npm/13533bc5-through2-map.lock'
17 error  { [Error: EACCES, open '/Users/delphine/.npm/13533bc5-through2-map.lock']
17 error   errno: 3,
17 error   code: 'EACCES',
17 error   path: '/Users/delphine/.npm/13533bc5-through2-map.lock' }
18 error Please try running this command again as root/Administrator.
19 error System Darwin 12.5.0
20 error command "/usr/local/bin/node" "/usr/local/bin/npm" "install" "through2-map"
21 error cwd /Users/delphine/Development/node/learnyounode
22 error node -v v0.9.3-pre
23 error npm -v 1.1.62
24 error path /Users/delphine/.npm/13533bc5-through2-map.lock
25 error code EACCES
26 error errno 3
27 error stack Error: EACCES, open '/Users/delphine/.npm/13533bc5-through2-map.lock'
28 verbose exit [ 3, true ]
